<?xml version="1.0" encoding="UTF-8"?>
<testsuite name="library.controller.ReaderControllerTest" tests="5" skipped="0" failures="0" errors="0" timestamp="2018-08-02T04:02:13" hostname="In-Ishusi.local" time="0.017">
  <properties/>
  <testcase name="shouldCallRemoveReaderFromTheReaderService" classname="library.controller.ReaderControllerTest" time="0.013"/>
  <testcase name="shouldCallUpdateReaderFromTheReaderService" classname="library.controller.ReaderControllerTest" time="0.001"/>
  <testcase name="getUserByName" classname="library.controller.ReaderControllerTest" time="0.0"/>
  <testcase name="shouldCallAddReaderFromTheReaderService" classname="library.controller.ReaderControllerTest" time="0.001"/>
  <testcase name="shouldCallGetByIdFromTheReaderService" classname="library.controller.ReaderControllerTest" time="0.001"/>
  <system-out><![CDATA[]]></system-out>
  <system-err><![CDATA[]]></system-err>
</testsuite>
