<?xml version="1.0" encoding="UTF-8"?>
<testsuite name="library.service.ReaderServiceTest" tests="3" skipped="0" failures="0" errors="0" timestamp="2018-08-02T04:02:14" hostname="In-Ishusi.local" time="0.003">
  <properties/>
  <testcase name="getByNameShouldReturnEmptyListWhenNoUserIsPresent" classname="library.service.ReaderServiceTest" time="0.0"/>
  <testcase name="shouldReturnListOfReadersWhenManyReadersArePresent" classname="library.service.ReaderServiceTest" time="0.001"/>
  <testcase name="shouldDeleteTheReaderWhenManyReadersArePresent" classname="library.service.ReaderServiceTest" time="0.001"/>
  <system-out><![CDATA[]]></system-out>
  <system-err><![CDATA[]]></system-err>
</testsuite>
